# JRE version: Java(TM) SE Runtime Environment (9.0+11) (build 9.0.4+11)
# Java VM: Java HotSpot(TM) 64-Bit Server VM (9.0.4+11, mixed mode, tiered, compressed oops, g1 gc, windows-amd64)
Heap:
 garbage-first heap   total 339968K, used 143596K [0x0000000700000000, 0x0000000700100a60, 0x00000007c0000000)
  region size 1024K, 39 young (39936K), 1 survivors (1024K)
 Metaspace       used 89750K, capacity 92899K, committed 98480K, reserved 1134592K
  class space    used 11708K, capacity 12340K, committed 13488K, reserved 1048576K
GC Heap History (10 events):
Event: 6853.251 GC heap before
{Heap before GC invocations=1529 (full 517):
 garbage-first heap   total 339968K, used 168416K [0x0000000700000000, 0x0000000700100a60, 0x00000007c0000000)
  region size 1024K, 60 young (61440K), 0 survivors (0K)
 Metaspace       used 89745K, capacity 92899K, committed 98480K, reserved 1134592K
  class space    used 11708K, capacity 12340K, committed 13488K, reserved 1048576K
}
Event: 6853.255 GC heap after
{Heap after GC invocations=1530 (full 517):
 garbage-first heap   total 339968K, used 107382K [0x0000000700000000, 0x0000000700100a60, 0x00000007c0000000)
  region size 1024K, 1 young (1024K), 1 survivors (1024K)
 Metaspace       used 89745K, capacity 92899K, committed 98480K, reserved 1134592K
  class space    used 11708K, capacity 12340K, committed 13488K, reserved 1048576K
}
Event: 6855.400 GC heap before
{Heap before GC invocations=1530 (full 517):
 garbage-first heap   total 339968K, used 162678K [0x0000000700000000, 0x0000000700100a60, 0x00000007c0000000)
  region size 1024K, 56 young (57344K), 1 survivors (1024K)
 Metaspace       used 89745K, capacity 92899K, committed 98480K, reserved 1134592K
  class space    used 11708K, capacity 12340K, committed 13488K, reserved 1048576K
}
Event: 6855.681 GC heap after
{Heap after GC invocations=1531 (full 518):
 garbage-first heap   total 339968K, used 105148K [0x0000000700000000, 0x0000000700100a60, 0x00000007c0000000)
  region size 1024K, 0 young (0K), 0 survivors (0K)
 Metaspace       used 89745K, capacity 92899K, committed 98480K, reserved 1134592K
  class space    used 11708K, capacity 12340K, committed 13488K, reserved 1048576K
}
Event: 6855.976 GC heap before
{Heap before GC invocations=1531 (full 518):
 garbage-first heap   total 339968K, used 166588K [0x0000000700000000, 0x0000000700100a60, 0x00000007c0000000)
  region size 1024K, 60 young (61440K), 0 survivors (0K)
 Metaspace       used 89745K, capacity 92899K, committed 98480K, reserved 1134592K
  class space    used 11708K, capacity 12340K, committed 13488K, reserved 1048576K
}
Event: 6855.979 GC heap after
{Heap after GC invocations=1532 (full 518):
 garbage-first heap   total 339968K, used 105399K [0x0000000700000000, 0x0000000700100a60, 0x00000007c0000000)
  region size 1024K, 1 young (1024K), 1 survivors (1024K)
 Metaspace       used 89745K, capacity 92899K, committed 98480K, reserved 1134592K
  class space    used 11708K, capacity 12340K, committed 13488K, reserved 1048576K
}
Event: 6859.237 GC heap before
{Heap before GC invocations=1532 (full 518):
 garbage-first heap   total 339968K, used 165815K [0x0000000700000000, 0x0000000700100a60, 0x00000007c0000000)
  region size 1024K, 60 young (61440K), 1 survivors (1024K)
 Metaspace       used 89746K, capacity 92899K, committed 98480K, reserved 1134592K
  class space    used 11708K, capacity 12340K, committed 13488K, reserved 1048576K
}
Event: 6859.241 GC heap after
{Heap after GC invocations=1533 (full 518):
 garbage-first heap   total 339968K, used 105613K [0x0000000700000000, 0x0000000700100a60, 0x00000007c0000000)
  region size 1024K, 1 young (1024K), 1 survivors (1024K)
 Metaspace       used 89746K, capacity 92899K, committed 98480K, reserved 1134592K
  class space    used 11708K, capacity 12340K, committed 13488K, reserved 1048576K
}
Event: 6861.412 GC heap before
{Heap before GC invocations=1533 (full 518):
 garbage-first heap   total 339968K, used 166029K [0x0000000700000000, 0x0000000700100a60, 0x00000007c0000000)
  region size 1024K, 60 young (61440K), 1 survivors (1024K)
 Metaspace       used 89750K, capacity 92899K, committed 98480K, reserved 1134592K
  class space    used 11708K, capacity 12340K, committed 13488K, reserved 1048576K
}
Event: 6861.417 GC heap after
{Heap after GC invocations=1534 (full 518):
 garbage-first heap   total 339968K, used 105708K [0x0000000700000000, 0x0000000700100a60, 0x00000007c0000000)
  region size 1024K, 1 young (1024K), 1 survivors (1024K)
 Metaspace       used 89750K, capacity 92899K, committed 98480K, reserved 1134592K
  class space    used 11708K, capacity 12340K, committed 13488K, reserved 1048576K
}

