# JRE version: Java(TM) SE Runtime Environment (9.0+11) (build 9.0.4+11)
# Java VM: Java HotSpot(TM) 64-Bit Server VM (9.0.4+11, mixed mode, tiered, compressed oops, g1 gc, windows-amd64)
Heap:
 garbage-first heap   total 193536K, used 108159K [0x0000000700000000, 0x00000007001005e8, 0x00000007c0000000)
  region size 1024K, 43 young (44032K), 1 survivors (1024K)
 Metaspace       used 76792K, capacity 82365K, committed 82640K, reserved 1120256K
  class space    used 10742K, capacity 11721K, committed 11772K, reserved 1048576K
GC Heap History (10 events):
Event: 27.590 GC heap before
{Heap before GC invocations=37 (full 2):
 garbage-first heap   total 193536K, used 126670K [0x0000000700000000, 0x00000007001005e8, 0x00000007c0000000)
  region size 1024K, 60 young (61440K), 0 survivors (0K)
 Metaspace       used 75867K, capacity 81093K, committed 81232K, reserved 1118208K
  class space    used 10657K, capacity 11599K, committed 11644K, reserved 1048576K
}
Event: 27.592 GC heap after
{Heap after GC invocations=38 (full 2):
 garbage-first heap   total 193536K, used 65700K [0x0000000700000000, 0x00000007001005e8, 0x00000007c0000000)
  region size 1024K, 1 young (1024K), 1 survivors (1024K)
 Metaspace       used 75867K, capacity 81093K, committed 81232K, reserved 1118208K
  class space    used 10657K, capacity 11599K, committed 11644K, reserved 1048576K
}
Event: 35.256 GC heap before
{Heap before GC invocations=38 (full 2):
 garbage-first heap   total 193536K, used 126116K [0x0000000700000000, 0x00000007001005e8, 0x00000007c0000000)
  region size 1024K, 60 young (61440K), 1 survivors (1024K)
 Metaspace       used 76546K, capacity 82109K, committed 82384K, reserved 1120256K
  class space    used 10734K, capacity 11721K, committed 11772K, reserved 1048576K
}
Event: 35.259 GC heap after
{Heap after GC invocations=39 (full 2):
 garbage-first heap   total 193536K, used 66160K [0x0000000700000000, 0x00000007001005e8, 0x00000007c0000000)
  region size 1024K, 1 young (1024K), 1 survivors (1024K)
 Metaspace       used 76546K, capacity 82109K, committed 82384K, reserved 1120256K
  class space    used 10734K, capacity 11721K, committed 11772K, reserved 1048576K
}
Event: 35.780 GC heap before
{Heap before GC invocations=39 (full 2):
 garbage-first heap   total 193536K, used 126576K [0x0000000700000000, 0x00000007001005e8, 0x00000007c0000000)
  region size 1024K, 60 young (61440K), 1 survivors (1024K)
 Metaspace       used 76586K, capacity 82173K, committed 82384K, reserved 1120256K
  class space    used 10734K, capacity 11721K, committed 11772K, reserved 1048576K
}
Event: 35.782 GC heap after
{Heap after GC invocations=40 (full 2):
 garbage-first heap   total 193536K, used 65988K [0x0000000700000000, 0x00000007001005e8, 0x00000007c0000000)
  region size 1024K, 1 young (1024K), 1 survivors (1024K)
 Metaspace       used 76586K, capacity 82173K, committed 82384K, reserved 1120256K
  class space    used 10734K, capacity 11721K, committed 11772K, reserved 1048576K
}
Event: 37.105 GC heap before
{Heap before GC invocations=40 (full 2):
 garbage-first heap   total 193536K, used 126404K [0x0000000700000000, 0x00000007001005e8, 0x00000007c0000000)
  region size 1024K, 60 young (61440K), 1 survivors (1024K)
 Metaspace       used 76682K, capacity 82237K, committed 82384K, reserved 1120256K
  class space    used 10734K, capacity 11721K, committed 11772K, reserved 1048576K
}
Event: 37.107 GC heap after
{Heap after GC invocations=41 (full 2):
 garbage-first heap   total 193536K, used 66086K [0x0000000700000000, 0x00000007001005e8, 0x00000007c0000000)
  region size 1024K, 1 young (1024K), 1 survivors (1024K)
 Metaspace       used 76682K, capacity 82237K, committed 82384K, reserved 1120256K
  class space    used 10734K, capacity 11721K, committed 11772K, reserved 1048576K
}
Event: 38.960 GC heap before
{Heap before GC invocations=41 (full 2):
 garbage-first heap   total 193536K, used 126502K [0x0000000700000000, 0x00000007001005e8, 0x00000007c0000000)
  region size 1024K, 60 young (61440K), 1 survivors (1024K)
 Metaspace       used 76748K, capacity 82301K, committed 82384K, reserved 1120256K
  class space    used 10742K, capacity 11721K, committed 11772K, reserved 1048576K
}
Event: 38.962 GC heap after
{Heap after GC invocations=42 (full 2):
 garbage-first heap   total 193536K, used 66175K [0x0000000700000000, 0x00000007001005e8, 0x00000007c0000000)
  region size 1024K, 1 young (1024K), 1 survivors (1024K)
 Metaspace       used 76748K, capacity 82301K, committed 82384K, reserved 1120256K
  class space    used 10742K, capacity 11721K, committed 11772K, reserved 1048576K
}

