# JRE version: Java(TM) SE Runtime Environment (9.0+11) (build 9.0.4+11)
# Java VM: Java HotSpot(TM) 64-Bit Server VM (9.0.4+11, mixed mode, tiered, compressed oops, g1 gc, windows-amd64)
Heap:
 garbage-first heap   total 339968K, used 135951K [0x0000000700000000, 0x0000000700100a60, 0x00000007c0000000)
  region size 1024K, 22 young (22528K), 1 survivors (1024K)
 Metaspace       used 103500K, capacity 105615K, committed 114172K, reserved 1146880K
  class space    used 14146K, capacity 14582K, committed 16380K, reserved 1048576K
GC Heap History (10 events):
Event: 6514.123 GC heap before
{Heap before GC invocations=1555 (full 390):
 garbage-first heap   total 339968K, used 175001K [0x0000000700000000, 0x0000000700100a60, 0x00000007c0000000)
  region size 1024K, 60 young (61440K), 2 survivors (2048K)
 Metaspace       used 103496K, capacity 105615K, committed 114172K, reserved 1146880K
  class space    used 14146K, capacity 14582K, committed 16380K, reserved 1048576K
}
Event: 6514.125 GC heap after
{Heap after GC invocations=1556 (full 390):
 garbage-first heap   total 339968K, used 115436K [0x0000000700000000, 0x0000000700100a60, 0x00000007c0000000)
  region size 1024K, 1 young (1024K), 1 survivors (1024K)
 Metaspace       used 103496K, capacity 105615K, committed 114172K, reserved 1146880K
  class space    used 14146K, capacity 14582K, committed 16380K, reserved 1048576K
}
Event: 6514.641 GC heap before
{Heap before GC invocations=1556 (full 390):
 garbage-first heap   total 339968K, used 175852K [0x0000000700000000, 0x0000000700100a60, 0x00000007c0000000)
  region size 1024K, 60 young (61440K), 1 survivors (1024K)
 Metaspace       used 103496K, capacity 105615K, committed 114172K, reserved 1146880K
  class space    used 14146K, capacity 14582K, committed 16380K, reserved 1048576K
}
Event: 6514.644 GC heap after
{Heap after GC invocations=1557 (full 390):
 garbage-first heap   total 339968K, used 115467K [0x0000000700000000, 0x0000000700100a60, 0x00000007c0000000)
  region size 1024K, 1 young (1024K), 1 survivors (1024K)
 Metaspace       used 103496K, capacity 105615K, committed 114172K, reserved 1146880K
  class space    used 14146K, capacity 14582K, committed 16380K, reserved 1048576K
}
Event: 6515.358 GC heap before
{Heap before GC invocations=1557 (full 390):
 garbage-first heap   total 339968K, used 175883K [0x0000000700000000, 0x0000000700100a60, 0x00000007c0000000)
  region size 1024K, 60 young (61440K), 1 survivors (1024K)
 Metaspace       used 103496K, capacity 105615K, committed 114172K, reserved 1146880K
  class space    used 14146K, capacity 14582K, committed 16380K, reserved 1048576K
}
Event: 6515.361 GC heap after
{Heap after GC invocations=1558 (full 390):
 garbage-first heap   total 339968K, used 115367K [0x0000000700000000, 0x0000000700100a60, 0x00000007c0000000)
  region size 1024K, 1 young (1024K), 1 survivors (1024K)
 Metaspace       used 103496K, capacity 105615K, committed 114172K, reserved 1146880K
  class space    used 14146K, capacity 14582K, committed 16380K, reserved 1048576K
}
Event: 6515.710 GC heap before
{Heap before GC invocations=1558 (full 390):
 garbage-first heap   total 339968K, used 175783K [0x0000000700000000, 0x0000000700100a60, 0x00000007c0000000)
  region size 1024K, 60 young (61440K), 1 survivors (1024K)
 Metaspace       used 103500K, capacity 105615K, committed 114172K, reserved 1146880K
  class space    used 14146K, capacity 14582K, committed 16380K, reserved 1048576K
}
Event: 6515.713 GC heap after
{Heap after GC invocations=1559 (full 390):
 garbage-first heap   total 339968K, used 115331K [0x0000000700000000, 0x0000000700100a60, 0x00000007c0000000)
  region size 1024K, 1 young (1024K), 1 survivors (1024K)
 Metaspace       used 103500K, capacity 105615K, committed 114172K, reserved 1146880K
  class space    used 14146K, capacity 14582K, committed 16380K, reserved 1048576K
}
Event: 6517.534 GC heap before
{Heap before GC invocations=1559 (full 390):
 garbage-first heap   total 339968K, used 175747K [0x0000000700000000, 0x0000000700100a60, 0x00000007c0000000)
  region size 1024K, 60 young (61440K), 1 survivors (1024K)
 Metaspace       used 103500K, capacity 105615K, committed 114172K, reserved 1146880K
  class space    used 14146K, capacity 14582K, committed 16380K, reserved 1048576K
}
Event: 6517.538 GC heap after
{Heap after GC invocations=1560 (full 390):
 garbage-first heap   total 339968K, used 115471K [0x0000000700000000, 0x0000000700100a60, 0x00000007c0000000)
  region size 1024K, 1 young (1024K), 1 survivors (1024K)
 Metaspace       used 103500K, capacity 105615K, committed 114172K, reserved 1146880K
  class space    used 14146K, capacity 14582K, committed 16380K, reserved 1048576K
}

