# JRE version: Java(TM) SE Runtime Environment (9.0+11) (build 9.0.4+11)
# Java VM: Java HotSpot(TM) 64-Bit Server VM (9.0.4+11, mixed mode, tiered, compressed oops, g1 gc, windows-amd64)
Heap:
 garbage-first heap   total 277504K, used 142775K [0x0000000700000000, 0x0000000700100878, 0x00000007c0000000)
  region size 1024K, 55 young (56320K), 1 survivors (1024K)
 Metaspace       used 88195K, capacity 94413K, committed 94544K, reserved 1130496K
  class space    used 12005K, capacity 13101K, committed 13180K, reserved 1048576K
GC Heap History (10 events):
Event: 1668.167 GC heap before
{Heap before GC invocations=689 (full 340):
 garbage-first heap   total 277504K, used 151042K [0x0000000700000000, 0x0000000700100878, 0x00000007c0000000)
  region size 1024K, 60 young (61440K), 1 survivors (1024K)
 Metaspace       used 88121K, capacity 94349K, committed 94544K, reserved 1130496K
  class space    used 12005K, capacity 13101K, committed 13180K, reserved 1048576K
}
Event: 1668.173 GC heap after
{Heap after GC invocations=690 (full 340):
 garbage-first heap   total 277504K, used 90375K [0x0000000700000000, 0x0000000700100878, 0x00000007c0000000)
  region size 1024K, 1 young (1024K), 1 survivors (1024K)
 Metaspace       used 88121K, capacity 94349K, committed 94544K, reserved 1130496K
  class space    used 12005K, capacity 13101K, committed 13180K, reserved 1048576K
}
Event: 1681.104 GC heap before
{Heap before GC invocations=690 (full 340):
 garbage-first heap   total 277504K, used 150791K [0x0000000700000000, 0x0000000700100878, 0x00000007c0000000)
  region size 1024K, 60 young (61440K), 1 survivors (1024K)
 Metaspace       used 88131K, capacity 94349K, committed 94544K, reserved 1130496K
  class space    used 12005K, capacity 13101K, committed 13180K, reserved 1048576K
}
Event: 1681.106 GC heap after
{Heap after GC invocations=691 (full 340):
 garbage-first heap   total 277504K, used 88141K [0x0000000700000000, 0x0000000700100878, 0x00000007c0000000)
  region size 1024K, 1 young (1024K), 1 survivors (1024K)
 Metaspace       used 88131K, capacity 94349K, committed 94544K, reserved 1130496K
  class space    used 12005K, capacity 13101K, committed 13180K, reserved 1048576K
}
Event: 1707.199 GC heap before
{Heap before GC invocations=691 (full 340):
 garbage-first heap   total 277504K, used 148557K [0x0000000700000000, 0x0000000700100878, 0x00000007c0000000)
  region size 1024K, 60 young (61440K), 1 survivors (1024K)
 Metaspace       used 88141K, capacity 94349K, committed 94544K, reserved 1130496K
  class space    used 12005K, capacity 13101K, committed 13180K, reserved 1048576K
}
Event: 1707.206 GC heap after
{Heap after GC invocations=692 (full 340):
 garbage-first heap   total 277504K, used 88210K [0x0000000700000000, 0x0000000700100878, 0x00000007c0000000)
  region size 1024K, 1 young (1024K), 1 survivors (1024K)
 Metaspace       used 88141K, capacity 94349K, committed 94544K, reserved 1130496K
  class space    used 12005K, capacity 13101K, committed 13180K, reserved 1048576K
}
Event: 1738.608 GC heap before
{Heap before GC invocations=692 (full 340):
 garbage-first heap   total 277504K, used 148626K [0x0000000700000000, 0x0000000700100878, 0x00000007c0000000)
  region size 1024K, 61 young (62464K), 1 survivors (1024K)
 Metaspace       used 88143K, capacity 94413K, committed 94544K, reserved 1130496K
  class space    used 12005K, capacity 13101K, committed 13180K, reserved 1048576K
}
Event: 1738.610 GC heap after
{Heap after GC invocations=693 (full 340):
 garbage-first heap   total 277504K, used 88204K [0x0000000700000000, 0x0000000700100878, 0x00000007c0000000)
  region size 1024K, 1 young (1024K), 1 survivors (1024K)
 Metaspace       used 88143K, capacity 94413K, committed 94544K, reserved 1130496K
  class space    used 12005K, capacity 13101K, committed 13180K, reserved 1048576K
}
Event: 1746.078 GC heap before
{Heap before GC invocations=693 (full 340):
 garbage-first heap   total 277504K, used 148620K [0x0000000700000000, 0x0000000700100878, 0x00000007c0000000)
  region size 1024K, 60 young (61440K), 1 survivors (1024K)
 Metaspace       used 88191K, capacity 94413K, committed 94544K, reserved 1130496K
  class space    used 12005K, capacity 13101K, committed 13180K, reserved 1048576K
}
Event: 1746.081 GC heap after
{Heap after GC invocations=694 (full 340):
 garbage-first heap   total 277504K, used 88503K [0x0000000700000000, 0x0000000700100878, 0x00000007c0000000)
  region size 1024K, 1 young (1024K), 1 survivors (1024K)
 Metaspace       used 88191K, capacity 94413K, committed 94544K, reserved 1130496K
  class space    used 12005K, capacity 13101K, committed 13180K, reserved 1048576K
}

