# JRE version: Java(TM) SE Runtime Environment (9.0+11) (build 9.0.4+11)
# Java VM: Java HotSpot(TM) 64-Bit Server VM (9.0.4+11, mixed mode, tiered, compressed oops, g1 gc, windows-amd64)
Heap:
 garbage-first heap   total 231424K, used 92792K [0x0000000700000000, 0x0000000700100710, 0x00000007c0000000)
  region size 1024K, 20 young (20480K), 1 survivors (1024K)
 Metaspace       used 84768K, capacity 90763K, committed 90908K, reserved 1128448K
  class space    used 11519K, capacity 12544K, committed 12572K, reserved 1048576K
GC Heap History (10 events):
Event: 2119.737 GC heap before
{Heap before GC invocations=414 (full 279):
 garbage-first heap   total 231424K, used 133921K [0x0000000700000000, 0x0000000700100710, 0x00000007c0000000)
  region size 1024K, 60 young (61440K), 1 survivors (1024K)
 Metaspace       used 84737K, capacity 90757K, committed 90908K, reserved 1128448K
  class space    used 11518K, capacity 12543K, committed 12572K, reserved 1048576K
}
Event: 2119.910 GC heap after
{Heap after GC invocations=415 (full 280):
 garbage-first heap   total 231424K, used 73990K [0x0000000700000000, 0x0000000700100710, 0x00000007c0000000)
  region size 1024K, 0 young (0K), 0 survivors (0K)
 Metaspace       used 84737K, capacity 90757K, committed 90908K, reserved 1128448K
  class space    used 11518K, capacity 12543K, committed 12572K, reserved 1048576K
}
Event: 2120.231 GC heap before
{Heap before GC invocations=415 (full 280):
 garbage-first heap   total 231424K, used 76038K [0x0000000700000000, 0x0000000700100710, 0x00000007c0000000)
  region size 1024K, 3 young (3072K), 0 survivors (0K)
 Metaspace       used 84737K, capacity 90757K, committed 90908K, reserved 1128448K
  class space    used 11518K, capacity 12543K, committed 12572K, reserved 1048576K
}
Event: 2120.378 GC heap after
{Heap after GC invocations=416 (full 281):
 garbage-first heap   total 231424K, used 73792K [0x0000000700000000, 0x0000000700100710, 0x00000007c0000000)
  region size 1024K, 0 young (0K), 0 survivors (0K)
 Metaspace       used 84737K, capacity 90757K, committed 90908K, reserved 1128448K
  class space    used 11518K, capacity 12543K, committed 12572K, reserved 1048576K
}
Event: 2120.490 GC heap before
{Heap before GC invocations=416 (full 281):
 garbage-first heap   total 231424K, used 75840K [0x0000000700000000, 0x0000000700100710, 0x00000007c0000000)
  region size 1024K, 3 young (3072K), 0 survivors (0K)
 Metaspace       used 84737K, capacity 90757K, committed 90908K, reserved 1128448K
  class space    used 11518K, capacity 12543K, committed 12572K, reserved 1048576K
}
Event: 2120.635 GC heap after
{Heap after GC invocations=417 (full 282):
 garbage-first heap   total 231424K, used 73799K [0x0000000700000000, 0x0000000700100710, 0x00000007c0000000)
  region size 1024K, 0 young (0K), 0 survivors (0K)
 Metaspace       used 84737K, capacity 90757K, committed 90908K, reserved 1128448K
  class space    used 11518K, capacity 12543K, committed 12572K, reserved 1048576K
}
Event: 2121.495 GC heap before
{Heap before GC invocations=417 (full 282):
 garbage-first heap   total 231424K, used 135239K [0x0000000700000000, 0x0000000700100710, 0x00000007c0000000)
  region size 1024K, 60 young (61440K), 0 survivors (0K)
 Metaspace       used 84737K, capacity 90757K, committed 90908K, reserved 1128448K
  class space    used 11518K, capacity 12543K, committed 12572K, reserved 1048576K
}
Event: 2121.496 GC heap after
{Heap after GC invocations=418 (full 282):
 garbage-first heap   total 231424K, used 74013K [0x0000000700000000, 0x0000000700100710, 0x00000007c0000000)
  region size 1024K, 1 young (1024K), 1 survivors (1024K)
 Metaspace       used 84737K, capacity 90757K, committed 90908K, reserved 1128448K
  class space    used 11518K, capacity 12543K, committed 12572K, reserved 1048576K
}
Event: 2126.368 GC heap before
{Heap before GC invocations=418 (full 282):
 garbage-first heap   total 231424K, used 134429K [0x0000000700000000, 0x0000000700100710, 0x00000007c0000000)
  region size 1024K, 60 young (61440K), 1 survivors (1024K)
 Metaspace       used 84768K, capacity 90763K, committed 90908K, reserved 1128448K
  class space    used 11519K, capacity 12544K, committed 12572K, reserved 1048576K
}
Event: 2126.372 GC heap after
{Heap after GC invocations=419 (full 282):
 garbage-first heap   total 231424K, used 74360K [0x0000000700000000, 0x0000000700100710, 0x00000007c0000000)
  region size 1024K, 1 young (1024K), 1 survivors (1024K)
 Metaspace       used 84768K, capacity 90763K, committed 90908K, reserved 1128448K
  class space    used 11519K, capacity 12544K, committed 12572K, reserved 1048576K
}

