# JRE version: Java(TM) SE Runtime Environment (9.0+11) (build 9.0.4+11)
# Java VM: Java HotSpot(TM) 64-Bit Server VM (9.0.4+11, mixed mode, tiered, compressed oops, g1 gc, windows-amd64)
Heap:
 garbage-first heap   total 257024K, used 92985K [0x0000000700000000, 0x00000007001007d8, 0x00000007c0000000)
  region size 1024K, 13 young (13312K), 2 survivors (2048K)
 Metaspace       used 85747K, capacity 87491K, committed 95440K, reserved 1132544K
  class space    used 11262K, capacity 11660K, committed 13308K, reserved 1048576K
GC Heap History (10 events):
Event: 5211.279 GC heap before
{Heap before GC invocations=948 (full 598):
 garbage-first heap   total 257024K, used 85608K [0x0000000700000000, 0x00000007001007d8, 0x00000007c0000000)
  region size 1024K, 5 young (5120K), 0 survivors (0K)
 Metaspace       used 85700K, capacity 87491K, committed 95440K, reserved 1132544K
  class space    used 11259K, capacity 11660K, committed 13308K, reserved 1048576K
}
Event: 5211.440 GC heap after
{Heap after GC invocations=949 (full 599):
 garbage-first heap   total 257024K, used 81531K [0x0000000700000000, 0x00000007001007d8, 0x00000007c0000000)
  region size 1024K, 0 young (0K), 0 survivors (0K)
 Metaspace       used 85700K, capacity 87491K, committed 95440K, reserved 1132544K
  class space    used 11259K, capacity 11660K, committed 13308K, reserved 1048576K
}
Event: 5214.237 GC heap before
{Heap before GC invocations=949 (full 599):
 garbage-first heap   total 257024K, used 142971K [0x0000000700000000, 0x00000007001007d8, 0x00000007c0000000)
  region size 1024K, 60 young (61440K), 0 survivors (0K)
 Metaspace       used 85708K, capacity 87491K, committed 95440K, reserved 1132544K
  class space    used 11259K, capacity 11660K, committed 13308K, reserved 1048576K
}
Event: 5214.241 GC heap after
{Heap after GC invocations=950 (full 599):
 garbage-first heap   total 257024K, used 82218K [0x0000000700000000, 0x00000007001007d8, 0x00000007c0000000)
  region size 1024K, 1 young (1024K), 1 survivors (1024K)
 Metaspace       used 85708K, capacity 87491K, committed 95440K, reserved 1132544K
  class space    used 11259K, capacity 11660K, committed 13308K, reserved 1048576K
}
Event: 5219.667 GC heap before
{Heap before GC invocations=950 (full 599):
 garbage-first heap   total 257024K, used 142634K [0x0000000700000000, 0x00000007001007d8, 0x00000007c0000000)
  region size 1024K, 60 young (61440K), 1 survivors (1024K)
 Metaspace       used 85713K, capacity 87491K, committed 95440K, reserved 1132544K
  class space    used 11259K, capacity 11660K, committed 13308K, reserved 1048576K
}
Event: 5219.670 GC heap after
{Heap after GC invocations=951 (full 599):
 garbage-first heap   total 257024K, used 82224K [0x0000000700000000, 0x00000007001007d8, 0x00000007c0000000)
  region size 1024K, 1 young (1024K), 1 survivors (1024K)
 Metaspace       used 85713K, capacity 87491K, committed 95440K, reserved 1132544K
  class space    used 11259K, capacity 11660K, committed 13308K, reserved 1048576K
}
Event: 5220.231 GC heap before
{Heap before GC invocations=951 (full 599):
 garbage-first heap   total 257024K, used 142640K [0x0000000700000000, 0x00000007001007d8, 0x00000007c0000000)
  region size 1024K, 60 young (61440K), 1 survivors (1024K)
 Metaspace       used 85746K, capacity 87491K, committed 95440K, reserved 1132544K
  class space    used 11262K, capacity 11660K, committed 13308K, reserved 1048576K
}
Event: 5220.234 GC heap after
{Heap after GC invocations=952 (full 599):
 garbage-first heap   total 257024K, used 82522K [0x0000000700000000, 0x00000007001007d8, 0x00000007c0000000)
  region size 1024K, 1 young (1024K), 1 survivors (1024K)
 Metaspace       used 85746K, capacity 87491K, committed 95440K, reserved 1132544K
  class space    used 11262K, capacity 11660K, committed 13308K, reserved 1048576K
}
Event: 5222.793 GC heap before
{Heap before GC invocations=952 (full 599):
 garbage-first heap   total 257024K, used 142938K [0x0000000700000000, 0x00000007001007d8, 0x00000007c0000000)
  region size 1024K, 60 young (61440K), 1 survivors (1024K)
 Metaspace       used 85747K, capacity 87491K, committed 95440K, reserved 1132544K
  class space    used 11262K, capacity 11660K, committed 13308K, reserved 1048576K
}
Event: 5222.797 GC heap after
{Heap after GC invocations=953 (full 599):
 garbage-first heap   total 257024K, used 82745K [0x0000000700000000, 0x00000007001007d8, 0x00000007c0000000)
  region size 1024K, 2 young (2048K), 2 survivors (2048K)
 Metaspace       used 85747K, capacity 87491K, committed 95440K, reserved 1132544K
  class space    used 11262K, capacity 11660K, committed 13308K, reserved 1048576K
}

