# JRE version: Java(TM) SE Runtime Environment (9.0+11) (build 9.0.4+11)
# Java VM: Java HotSpot(TM) 64-Bit Server VM (9.0.4+11, mixed mode, tiered, compressed oops, g1 gc, windows-amd64)
Heap:
 garbage-first heap   total 223232K, used 128456K [0x0000000700000000, 0x00000007001006d0, 0x00000007c0000000)
  region size 1024K, 58 young (59392K), 1 survivors (1024K)
 Metaspace       used 81581K, capacity 87523K, committed 87676K, reserved 1124352K
  class space    used 11248K, capacity 12292K, committed 12412K, reserved 1048576K
GC Heap History (10 events):
Event: 828.045 GC heap before
{Heap before GC invocations=287 (full 210):
 garbage-first heap   total 223232K, used 129314K [0x0000000700000000, 0x00000007001006d0, 0x00000007c0000000)
  region size 1024K, 60 young (61440K), 3 survivors (3072K)
 Metaspace       used 81357K, capacity 87331K, committed 87676K, reserved 1124352K
  class space    used 11248K, capacity 12292K, committed 12412K, reserved 1048576K
}
Event: 828.048 GC heap after
{Heap after GC invocations=288 (full 210):
 garbage-first heap   total 223232K, used 70970K [0x0000000700000000, 0x00000007001006d0, 0x00000007c0000000)
  region size 1024K, 3 young (3072K), 3 survivors (3072K)
 Metaspace       used 81357K, capacity 87331K, committed 87676K, reserved 1124352K
  class space    used 11248K, capacity 12292K, committed 12412K, reserved 1048576K
}
Event: 828.260 GC heap before
{Heap before GC invocations=288 (full 210):
 garbage-first heap   total 223232K, used 129338K [0x0000000700000000, 0x00000007001006d0, 0x00000007c0000000)
  region size 1024K, 60 young (61440K), 3 survivors (3072K)
 Metaspace       used 81382K, capacity 87331K, committed 87676K, reserved 1124352K
  class space    used 11248K, capacity 12292K, committed 12412K, reserved 1048576K
}
Event: 828.263 GC heap after
{Heap after GC invocations=289 (full 210):
 garbage-first heap   total 223232K, used 71049K [0x0000000700000000, 0x00000007001006d0, 0x00000007c0000000)
  region size 1024K, 3 young (3072K), 3 survivors (3072K)
 Metaspace       used 81382K, capacity 87331K, committed 87676K, reserved 1124352K
  class space    used 11248K, capacity 12292K, committed 12412K, reserved 1048576K
}
Event: 830.802 GC heap before
{Heap before GC invocations=289 (full 210):
 garbage-first heap   total 223232K, used 110985K [0x0000000700000000, 0x00000007001006d0, 0x00000007c0000000)
  region size 1024K, 43 young (44032K), 3 survivors (3072K)
 Metaspace       used 81424K, capacity 87395K, committed 87676K, reserved 1124352K
  class space    used 11248K, capacity 12292K, committed 12412K, reserved 1048576K
}
Event: 830.970 GC heap after
{Heap after GC invocations=290 (full 211):
 garbage-first heap   total 223232K, used 70569K [0x0000000700000000, 0x00000007001006d0, 0x00000007c0000000)
  region size 1024K, 0 young (0K), 0 survivors (0K)
 Metaspace       used 81424K, capacity 87395K, committed 87676K, reserved 1124352K
  class space    used 11248K, capacity 12292K, committed 12412K, reserved 1048576K
}
Event: 835.031 GC heap before
{Heap before GC invocations=290 (full 211):
 garbage-first heap   total 223232K, used 132009K [0x0000000700000000, 0x00000007001006d0, 0x00000007c0000000)
  region size 1024K, 60 young (61440K), 0 survivors (0K)
 Metaspace       used 81562K, capacity 87523K, committed 87676K, reserved 1124352K
  class space    used 11248K, capacity 12292K, committed 12412K, reserved 1048576K
}
Event: 835.033 GC heap after
{Heap after GC invocations=291 (full 211):
 garbage-first heap   total 223232K, used 71205K [0x0000000700000000, 0x00000007001006d0, 0x00000007c0000000)
  region size 1024K, 1 young (1024K), 1 survivors (1024K)
 Metaspace       used 81562K, capacity 87523K, committed 87676K, reserved 1124352K
  class space    used 11248K, capacity 12292K, committed 12412K, reserved 1048576K
}
Event: 836.240 GC heap before
{Heap before GC invocations=291 (full 211):
 garbage-first heap   total 223232K, used 131621K [0x0000000700000000, 0x00000007001006d0, 0x00000007c0000000)
  region size 1024K, 60 young (61440K), 1 survivors (1024K)
 Metaspace       used 81574K, capacity 87523K, committed 87676K, reserved 1124352K
  class space    used 11248K, capacity 12292K, committed 12412K, reserved 1048576K
}
Event: 836.242 GC heap after
{Heap after GC invocations=292 (full 211):
 garbage-first heap   total 223232K, used 71112K [0x0000000700000000, 0x00000007001006d0, 0x00000007c0000000)
  region size 1024K, 1 young (1024K), 1 survivors (1024K)
 Metaspace       used 81574K, capacity 87523K, committed 87676K, reserved 1124352K
  class space    used 11248K, capacity 12292K, committed 12412K, reserved 1048576K
}

